# Logfile created on Mon Feb 07 11:34:16 +0100 2011 by logger.rb/99999
  [1m[35mSQL (4.0ms)[0m  ALTER TABLE "access_levels" DISABLE TRIGGER ALL;ALTER TABLE "categories" DISABLE TRIGGER ALL;ALTER TABLE "categories_items" DISABLE TRIGGER ALL;ALTER TABLE "categories_user_groups" DISABLE TRIGGER ALL;ALTER TABLE "clients" DISABLE TRIGGER ALL;ALTER TABLE "exports" DISABLE TRIGGER ALL;ALTER TABLE "imports" DISABLE TRIGGER ALL;ALTER TABLE "items" DISABLE TRIGGER ALL;ALTER TABLE "netzke_temp_table" DISABLE TRIGGER ALL;ALTER TABLE "public_transports" DISABLE TRIGGER ALL;ALTER TABLE "read_items_by_users" DISABLE TRIGGER ALL;ALTER TABLE "schema_migrations" DISABLE TRIGGER ALL;ALTER TABLE "sessions" DISABLE TRIGGER ALL;ALTER TABLE "user_groups" DISABLE TRIGGER ALL;ALTER TABLE "users" DISABLE TRIGGER ALL;ALTER TABLE "vehicle_lines" DISABLE TRIGGER ALL;ALTER TABLE "versions" DISABLE TRIGGER ALL
  [1m[36mSQL (88.0ms)[0m  [1mTRUNCATE TABLE "access_levels";[0m
  [1m[35mSQL (21.0ms)[0m  TRUNCATE TABLE "categories";
  [1m[36mSQL (2.0ms)[0m  [1mTRUNCATE TABLE "categories_items";[0m
  [1m[35mSQL (2.0ms)[0m  TRUNCATE TABLE "categories_user_groups";
  [1m[36mSQL (4.0ms)[0m  [1mTRUNCATE TABLE "clients";[0m
  [1m[35mSQL (2.0ms)[0m  TRUNCATE TABLE "exports";
  [1m[36mSQL (6.0ms)[0m  [1mTRUNCATE TABLE "imports";[0m
  [1m[35mSQL (56.0ms)[0m  TRUNCATE TABLE "items";
  [1m[36mSQL (3.0ms)[0m  [1mTRUNCATE TABLE "netzke_temp_table";[0m
  [1m[35mSQL (10.0ms)[0m  TRUNCATE TABLE "public_transports";
  [1m[36mSQL (2.0ms)[0m  [1mTRUNCATE TABLE "read_items_by_users";[0m
  [1m[35mSQL (6.0ms)[0m  TRUNCATE TABLE "sessions";
  [1m[36mSQL (9.0ms)[0m  [1mTRUNCATE TABLE "user_groups";[0m
  [1m[35mSQL (10.0ms)[0m  TRUNCATE TABLE "users";
  [1m[36mSQL (3.0ms)[0m  [1mTRUNCATE TABLE "vehicle_lines";[0m
  [1m[35mSQL (7.0ms)[0m  TRUNCATE TABLE "versions";
  [1m[36mSQL (3.0ms)[0m  [1mALTER TABLE "access_levels" ENABLE TRIGGER ALL;ALTER TABLE "categories" ENABLE TRIGGER ALL;ALTER TABLE "categories_items" ENABLE TRIGGER ALL;ALTER TABLE "categories_user_groups" ENABLE TRIGGER ALL;ALTER TABLE "clients" ENABLE TRIGGER ALL;ALTER TABLE "exports" ENABLE TRIGGER ALL;ALTER TABLE "imports" ENABLE TRIGGER ALL;ALTER TABLE "items" ENABLE TRIGGER ALL;ALTER TABLE "netzke_temp_table" ENABLE TRIGGER ALL;ALTER TABLE "public_transports" ENABLE TRIGGER ALL;ALTER TABLE "read_items_by_users" ENABLE TRIGGER ALL;ALTER TABLE "schema_migrations" ENABLE TRIGGER ALL;ALTER TABLE "sessions" ENABLE TRIGGER ALL;ALTER TABLE "user_groups" ENABLE TRIGGER ALL;ALTER TABLE "users" ENABLE TRIGGER ALL;ALTER TABLE "vehicle_lines" ENABLE TRIGGER ALL;ALTER TABLE "versions" ENABLE TRIGGER ALL[0m
  [1m[35mSQL (4.0ms)[0m  ALTER TABLE "access_levels" DISABLE TRIGGER ALL;ALTER TABLE "categories" DISABLE TRIGGER ALL;ALTER TABLE "categories_items" DISABLE TRIGGER ALL;ALTER TABLE "categories_user_groups" DISABLE TRIGGER ALL;ALTER TABLE "clients" DISABLE TRIGGER ALL;ALTER TABLE "exports" DISABLE TRIGGER ALL;ALTER TABLE "imports" DISABLE TRIGGER ALL;ALTER TABLE "items" DISABLE TRIGGER ALL;ALTER TABLE "netzke_temp_table" DISABLE TRIGGER ALL;ALTER TABLE "public_transports" DISABLE TRIGGER ALL;ALTER TABLE "read_items_by_users" DISABLE TRIGGER ALL;ALTER TABLE "schema_migrations" DISABLE TRIGGER ALL;ALTER TABLE "sessions" DISABLE TRIGGER ALL;ALTER TABLE "user_groups" DISABLE TRIGGER ALL;ALTER TABLE "users" DISABLE TRIGGER ALL;ALTER TABLE "vehicle_lines" DISABLE TRIGGER ALL;ALTER TABLE "versions" DISABLE TRIGGER ALL
  [1m[36mSQL (88.0ms)[0m  [1mTRUNCATE TABLE "access_levels";[0m
  [1m[35mSQL (7.0ms)[0m  TRUNCATE TABLE "categories";
  [1m[36mSQL (2.0ms)[0m  [1mTRUNCATE TABLE "categories_items";[0m
  [1m[35mSQL (3.0ms)[0m  TRUNCATE TABLE "categories_user_groups";
  [1m[36mSQL (5.0ms)[0m  [1mTRUNCATE TABLE "clients";[0m
  [1m[35mSQL (7.0ms)[0m  TRUNCATE TABLE "exports";
  [1m[36mSQL (38.0ms)[0m  [1mTRUNCATE TABLE "imports";[0m
  [1m[35mSQL (8.0ms)[0m  TRUNCATE TABLE "items";
  [1m[36mSQL (3.0ms)[0m  [1mTRUNCATE TABLE "netzke_temp_table";[0m
  [1m[35mSQL (12.0ms)[0m  TRUNCATE TABLE "public_transports";
  [1m[36mSQL (2.0ms)[0m  [1mTRUNCATE TABLE "read_items_by_users";[0m
  [1m[35mSQL (9.0ms)[0m  TRUNCATE TABLE "sessions";
  [1m[36mSQL (6.0ms)[0m  [1mTRUNCATE TABLE "user_groups";[0m
  [1m[35mSQL (8.0ms)[0m  TRUNCATE TABLE "users";
  [1m[36mSQL (35.0ms)[0m  [1mTRUNCATE TABLE "vehicle_lines";[0m
  [1m[35mSQL (6.0ms)[0m  TRUNCATE TABLE "versions";
  [1m[36mSQL (4.0ms)[0m  [1mALTER TABLE "access_levels" ENABLE TRIGGER ALL;ALTER TABLE "categories" ENABLE TRIGGER ALL;ALTER TABLE "categories_items" ENABLE TRIGGER ALL;ALTER TABLE "categories_user_groups" ENABLE TRIGGER ALL;ALTER TABLE "clients" ENABLE TRIGGER ALL;ALTER TABLE "exports" ENABLE TRIGGER ALL;ALTER TABLE "imports" ENABLE TRIGGER ALL;ALTER TABLE "items" ENABLE TRIGGER ALL;ALTER TABLE "netzke_temp_table" ENABLE TRIGGER ALL;ALTER TABLE "public_transports" ENABLE TRIGGER ALL;ALTER TABLE "read_items_by_users" ENABLE TRIGGER ALL;ALTER TABLE "schema_migrations" ENABLE TRIGGER ALL;ALTER TABLE "sessions" ENABLE TRIGGER ALL;ALTER TABLE "user_groups" ENABLE TRIGGER ALL;ALTER TABLE "users" ENABLE TRIGGER ALL;ALTER TABLE "vehicle_lines" ENABLE TRIGGER ALL;ALTER TABLE "versions" ENABLE TRIGGER ALL[0m
  [1m[35mSQL (4.0ms)[0m  ALTER TABLE "access_levels" DISABLE TRIGGER ALL;ALTER TABLE "categories" DISABLE TRIGGER ALL;ALTER TABLE "categories_items" DISABLE TRIGGER ALL;ALTER TABLE "categories_user_groups" DISABLE TRIGGER ALL;ALTER TABLE "clients" DISABLE TRIGGER ALL;ALTER TABLE "exports" DISABLE TRIGGER ALL;ALTER TABLE "imports" DISABLE TRIGGER ALL;ALTER TABLE "items" DISABLE TRIGGER ALL;ALTER TABLE "netzke_temp_table" DISABLE TRIGGER ALL;ALTER TABLE "public_transports" DISABLE TRIGGER ALL;ALTER TABLE "read_items_by_users" DISABLE TRIGGER ALL;ALTER TABLE "schema_migrations" DISABLE TRIGGER ALL;ALTER TABLE "sessions" DISABLE TRIGGER ALL;ALTER TABLE "user_groups" DISABLE TRIGGER ALL;ALTER TABLE "users" DISABLE TRIGGER ALL;ALTER TABLE "vehicle_lines" DISABLE TRIGGER ALL;ALTER TABLE "versions" DISABLE TRIGGER ALL
  [1m[36mSQL (63.0ms)[0m  [1mTRUNCATE TABLE "access_levels";[0m
  [1m[35mSQL (5.0ms)[0m  TRUNCATE TABLE "categories";
  [1m[36mSQL (2.0ms)[0m  [1mTRUNCATE TABLE "categories_items";[0m
  [1m[35mSQL (3.0ms)[0m  TRUNCATE TABLE "categories_user_groups";
  [1m[36mSQL (51.0ms)[0m  [1mTRUNCATE TABLE "clients";[0m
  [1m[35mSQL (15.0ms)[0m  TRUNCATE TABLE "exports";
  [1m[36mSQL (5.0ms)[0m  [1mTRUNCATE TABLE "imports";[0m
  [1m[35mSQL (19.0ms)[0m  TRUNCATE TABLE "items";
  [1m[36mSQL (3.0ms)[0m  [1mTRUNCATE TABLE "netzke_temp_table";[0m
  [1m[35mSQL (14.0ms)[0m  TRUNCATE TABLE "public_transports";
  [1m[36mSQL (2.0ms)[0m  [1mTRUNCATE TABLE "read_items_by_users";[0m
  [1m[35mSQL (10.0ms)[0m  TRUNCATE TABLE "sessions";
  [1m[36mSQL (8.0ms)[0m  [1mTRUNCATE TABLE "user_groups";[0m
  [1m[35mSQL (9.0ms)[0m  TRUNCATE TABLE "users";
  [1m[36mSQL (5.0ms)[0m  [1mTRUNCATE TABLE "vehicle_lines";[0m
  [1m[35mSQL (7.0ms)[0m  TRUNCATE TABLE "versions";
  [1m[36mSQL (3.0ms)[0m  [1mALTER TABLE "access_levels" ENABLE TRIGGER ALL;ALTER TABLE "categories" ENABLE TRIGGER ALL;ALTER TABLE "categories_items" ENABLE TRIGGER ALL;ALTER TABLE "categories_user_groups" ENABLE TRIGGER ALL;ALTER TABLE "clients" ENABLE TRIGGER ALL;ALTER TABLE "exports" ENABLE TRIGGER ALL;ALTER TABLE "imports" ENABLE TRIGGER ALL;ALTER TABLE "items" ENABLE TRIGGER ALL;ALTER TABLE "netzke_temp_table" ENABLE TRIGGER ALL;ALTER TABLE "public_transports" ENABLE TRIGGER ALL;ALTER TABLE "read_items_by_users" ENABLE TRIGGER ALL;ALTER TABLE "schema_migrations" ENABLE TRIGGER ALL;ALTER TABLE "sessions" ENABLE TRIGGER ALL;ALTER TABLE "user_groups" ENABLE TRIGGER ALL;ALTER TABLE "users" ENABLE TRIGGER ALL;ALTER TABLE "vehicle_lines" ENABLE TRIGGER ALL;ALTER TABLE "versions" ENABLE TRIGGER ALL[0m
